# JRE version: Java(TM) SE Runtime Environment (8.0_201-b09) (build 1.8.0_201-b09)
# Java VM: Java HotSpot(TM) 64-Bit Server VM (25.201-b09 mixed mode windows-amd64 compressed oops)
Heap:
 PSYoungGen      total 784384K, used 26586K [0x000000076af00000, 0x00000007a0800000, 0x00000007c0000000)
  eden space 693248K, 0% used [0x000000076af00000,0x000000076af00000,0x0000000795400000)
  from space 91136K, 29% used [0x000000079af00000,0x000000079c8f68e0,0x00000007a0800000)
  to   space 92160K, 0% used [0x0000000795400000,0x0000000795400000,0x000000079ae00000)
 ParOldGen       total 860672K, used 609782K [0x00000006c0c00000, 0x00000006f5480000, 0x000000076af00000)
  object space 860672K, 70% used [0x00000006c0c00000,0x00000006e5f7da80,0x00000006f5480000)
 Metaspace       used 188165K, capacity 195811K, committed 195880K, reserved 1226752K
  class space    used 16856K, capacity 18417K, committed 18472K, reserved 1048576K
GC Heap History (10 events):
Event: 15356.835 GC heap after
Heap after GC invocations=3940 (full 30):
 PSYoungGen      total 763904K, used 34670K [0x000000076af00000, 0x000000079fc80000, 0x00000007c0000000)
  eden space 666112K, 0% used [0x000000076af00000,0x000000076af00000,0x0000000793980000)
  from space 97792K, 35% used [0x0000000799d00000,0x000000079bedba80,0x000000079fc80000)
  to   space 99840K, 0% used [0x0000000793980000,0x0000000793980000,0x0000000799b00000)
 ParOldGen       total 860672K, used 609782K [0x00000006c0c00000, 0x00000006f5480000, 0x000000076af00000)
  object space 860672K, 70% used [0x00000006c0c00000,0x00000006e5f7da80,0x00000006f5480000)
 Metaspace       used 187994K, capacity 195613K, committed 195880K, reserved 1226752K
  class space    used 16846K, capacity 18415K, committed 18472K, reserved 1048576K
}
Event: 15405.368 GC heap before
{Heap before GC invocations=3941 (full 30):
 PSYoungGen      total 763904K, used 700782K [0x000000076af00000, 0x000000079fc80000, 0x00000007c0000000)
  eden space 666112K, 100% used [0x000000076af00000,0x0000000793980000,0x0000000793980000)
  from space 97792K, 35% used [0x0000000799d00000,0x000000079bedba80,0x000000079fc80000)
  to   space 99840K, 0% used [0x0000000793980000,0x0000000793980000,0x0000000799b00000)
 ParOldGen       total 860672K, used 609782K [0x00000006c0c00000, 0x00000006f5480000, 0x000000076af00000)
  object space 860672K, 70% used [0x00000006c0c00000,0x00000006e5f7da80,0x00000006f5480000)
 Metaspace       used 188163K, capacity 195805K, committed 195880K, reserved 1226752K
  class space    used 16856K, capacity 18415K, committed 18472K, reserved 1048576K
Event: 15405.381 GC heap after
Heap after GC invocations=3941 (full 30):
 PSYoungGen      total 765952K, used 53842K [0x000000076af00000, 0x00000007a0a80000, 0x00000007c0000000)
  eden space 666112K, 0% used [0x000000076af00000,0x000000076af00000,0x0000000793980000)
  from space 99840K, 53% used [0x0000000793980000,0x0000000796e14990,0x0000000799b00000)
  to   space 97792K, 0% used [0x000000079ab00000,0x000000079ab00000,0x00000007a0a80000)
 ParOldGen       total 860672K, used 609782K [0x00000006c0c00000, 0x00000006f5480000, 0x000000076af00000)
  object space 860672K, 70% used [0x00000006c0c00000,0x00000006e5f7da80,0x00000006f5480000)
 Metaspace       used 188163K, capacity 195805K, committed 195880K, reserved 1226752K
  class space    used 16856K, capacity 18415K, committed 18472K, reserved 1048576K
}
Event: 15451.334 GC heap before
{Heap before GC invocations=3942 (full 30):
 PSYoungGen      total 765952K, used 719954K [0x000000076af00000, 0x00000007a0a80000, 0x00000007c0000000)
  eden space 666112K, 100% used [0x000000076af00000,0x0000000793980000,0x0000000793980000)
  from space 99840K, 53% used [0x0000000793980000,0x0000000796e14990,0x0000000799b00000)
  to   space 97792K, 0% used [0x000000079ab00000,0x000000079ab00000,0x00000007a0a80000)
 ParOldGen       total 860672K, used 609782K [0x00000006c0c00000, 0x00000006f5480000, 0x000000076af00000)
  object space 860672K, 70% used [0x00000006c0c00000,0x00000006e5f7da80,0x00000006f5480000)
 Metaspace       used 188163K, capacity 195805K, committed 195880K, reserved 1226752K
  class space    used 16856K, capacity 18415K, committed 18472K, reserved 1048576K
Event: 15451.349 GC heap after
Heap after GC invocations=3942 (full 30):
 PSYoungGen      total 770048K, used 53794K [0x000000076af00000, 0x00000007a0200000, 0x00000007c0000000)
  eden space 680960K, 0% used [0x000000076af00000,0x000000076af00000,0x0000000794800000)
  from space 89088K, 60% used [0x000000079ab00000,0x000000079df88980,0x00000007a0200000)
  to   space 95232K, 0% used [0x0000000794800000,0x0000000794800000,0x000000079a500000)
 ParOldGen       total 860672K, used 609782K [0x00000006c0c00000, 0x00000006f5480000, 0x000000076af00000)
  object space 860672K, 70% used [0x00000006c0c00000,0x00000006e5f7da80,0x00000006f5480000)
 Metaspace       used 188163K, capacity 195805K, committed 195880K, reserved 1226752K
  class space    used 16856K, capacity 18415K, committed 18472K, reserved 1048576K
}
Event: 15498.048 GC heap before
{Heap before GC invocations=3943 (full 30):
 PSYoungGen      total 770048K, used 734754K [0x000000076af00000, 0x00000007a0200000, 0x00000007c0000000)
  eden space 680960K, 100% used [0x000000076af00000,0x0000000794800000,0x0000000794800000)
  from space 89088K, 60% used [0x000000079ab00000,0x000000079df88980,0x00000007a0200000)
  to   space 95232K, 0% used [0x0000000794800000,0x0000000794800000,0x000000079a500000)
 ParOldGen       total 860672K, used 609782K [0x00000006c0c00000, 0x00000006f5480000, 0x000000076af00000)
  object space 860672K, 70% used [0x00000006c0c00000,0x00000006e5f7da80,0x00000006f5480000)
 Metaspace       used 188163K, capacity 195805K, committed 195880K, reserved 1226752K
  class space    used 16856K, capacity 18415K, committed 18472K, reserved 1048576K
Event: 15498.060 GC heap after
Heap after GC invocations=3943 (full 30):
 PSYoungGen      total 776192K, used 53202K [0x000000076af00000, 0x00000007a0a00000, 0x00000007c0000000)
  eden space 680960K, 0% used [0x000000076af00000,0x000000076af00000,0x0000000794800000)
  from space 95232K, 55% used [0x0000000794800000,0x0000000797bf4970,0x000000079a500000)
  to   space 93184K, 0% used [0x000000079af00000,0x000000079af00000,0x00000007a0a00000)
 ParOldGen       total 860672K, used 609782K [0x00000006c0c00000, 0x00000006f5480000, 0x000000076af00000)
  object space 860672K, 70% used [0x00000006c0c00000,0x00000006e5f7da80,0x00000006f5480000)
 Metaspace       used 188163K, capacity 195805K, committed 195880K, reserved 1226752K
  class space    used 16856K, capacity 18415K, committed 18472K, reserved 1048576K
}
Event: 15503.603 GC heap before
{Heap before GC invocations=3944 (full 30):
 PSYoungGen      total 776192K, used 165086K [0x000000076af00000, 0x00000007a0a00000, 0x00000007c0000000)
  eden space 680960K, 16% used [0x000000076af00000,0x0000000771c42f30,0x0000000794800000)
  from space 95232K, 55% used [0x0000000794800000,0x0000000797bf4970,0x000000079a500000)
  to   space 93184K, 0% used [0x000000079af00000,0x000000079af00000,0x00000007a0a00000)
 ParOldGen       total 860672K, used 609782K [0x00000006c0c00000, 0x00000006f5480000, 0x000000076af00000)
  object space 860672K, 70% used [0x00000006c0c00000,0x00000006e5f7da80,0x00000006f5480000)
 Metaspace       used 188165K, capacity 195811K, committed 195880K, reserved 1226752K
  class space    used 16856K, capacity 18417K, committed 18472K, reserved 1048576K
Event: 15503.616 GC heap after
Heap after GC invocations=3944 (full 30):
 PSYoungGen      total 784384K, used 26586K [0x000000076af00000, 0x00000007a0800000, 0x00000007c0000000)
  eden space 693248K, 0% used [0x000000076af00000,0x000000076af00000,0x0000000795400000)
  from space 91136K, 29% used [0x000000079af00000,0x000000079c8f68e0,0x00000007a0800000)
  to   space 92160K, 0% used [0x0000000795400000,0x0000000795400000,0x000000079ae00000)
 ParOldGen       total 860672K, used 609782K [0x00000006c0c00000, 0x00000006f5480000, 0x000000076af00000)
  object space 860672K, 70% used [0x00000006c0c00000,0x00000006e5f7da80,0x00000006f5480000)
 Metaspace       used 188165K, capacity 195811K, committed 195880K, reserved 1226752K
  class space    used 16856K, capacity 18417K, committed 18472K, reserved 1048576K
}
Event: 15503.616 GC heap before
{Heap before GC invocations=3945 (full 31):
 PSYoungGen      total 784384K, used 26586K [0x000000076af00000, 0x00000007a0800000, 0x00000007c0000000)
  eden space 693248K, 0% used [0x000000076af00000,0x000000076af00000,0x0000000795400000)
  from space 91136K, 29% used [0x000000079af00000,0x000000079c8f68e0,0x00000007a0800000)
  to   space 92160K, 0% used [0x0000000795400000,0x0000000795400000,0x000000079ae00000)
 ParOldGen       total 860672K, used 609782K [0x00000006c0c00000, 0x00000006f5480000, 0x000000076af00000)
  object space 860672K, 70% used [0x00000006c0c00000,0x00000006e5f7da80,0x00000006f5480000)
 Metaspace       used 188165K, capacity 195811K, committed 195880K, reserved 1226752K
  class space    used 16856K, capacity 18417K, committed 18472K, reserved 1048576K

